<?xml version="1.0" encoding="UTF-8"?>
<testsuite xmlns:xsi="http://www.w3.org/2001/XMLSchema-instance" xsi:noNamespaceSchemaLocation="https://maven.apache.org/surefire/maven-surefire-plugin/xsd/surefire-test-report-3.0.xsd" version="3.0" name="com.entornos.MainTest" time="0.044" tests="1" errors="0" skipped="0" failures="0">
  <properties>
[...]
</properties>
  <testcase name="testMain" classname="com.entornos.MainTest" time="0.043">
    <system-err><![CDATA[jun 03, 2026 7:42:41 P. M. com.entornos.Main main
INFO: Prueba del sistema

Cliente creado: Agente J

Resumen del Pedido
Datos del cliente
* ID: 1
* Nombre: Agente J
* Antigüedad: 5 años
* VIP: Sí
* País: Estados Unidos

Productos en el pedido
1. Neurolizador Visual (x1)
2. Manual del Agente MIB (PDF) (x1)
3. Traje Negro Estandar (x1)
4. Gafas de Sol Ray-Ban (x1)

Precio total neto: 1951.5

Probando eliminar producto
Producto 'Traje Negro Estandar' eliminado con éxito.

Resumen del Pedido Final
Datos del cliente
* ID: 1
* Nombre: Agente J
* Antigüedad: 5 años
* VIP: Sí
* País: Estados Unidos

Productos en el pedido
1. Neurolizador Visual (x1)
2. Manual del Agente MIB (PDF) (x1)
3. Gafas de Sol Ray-Ban (x1)

Precio total neto: 1501.5

Venta procesada con éxito.

--- FACTURA FACT-2026-06-03-F678223A ---
Fecha de Emisión: 2026-06-03
Cliente: Agente J (ID: 1)

Datos del cliente
* ID: 1
* Nombre: Agente J
* Antigüedad: 5 años
* VIP: Sí
* País: Estados Unidos

Productos en el pedido
1. Neurolizador Visual (x1)
2. Manual del Agente MIB (PDF) (x1)
3. Gafas de Sol Ray-Ban (x1)

Precio total neto: 1501.5
--- DESGLOSE DE LA FACTURA ---
Total Neto: 1501,50 Euros
Total IVA: 15,86 Euros
Total Envío: 10,30 Euros
Descuentos Aplicados: 232,36 Euros
-----------------------------------
TOTAL FINAL A PAGAR: 1295,30 Euros
-----------------------------------

]]></system-err>
  </testcase>
</testsuite>