GROUP,PACKAGE,CLASS,INSTRUCTION_MISSED,INSTRUCTION_COVERED,BRANCH_MISSED,BRANCH_COVERED,LINE_MISSED,LINE_COVERED,COMPLEXITY_MISSED,COMPLEXITY_COVERED,METHOD_MISSED,METHOD_COVERED
tests,com.entornos,Pedido,6,567,8,51,3,116,9,38,1,16
tests,com.entornos,Factura,8,282,0,4,4,58,2,22,2,20
tests,com.entornos,Cliente,1,86,1,1,0,30,1,13,0,13
tests,com.entornos,Producto,8,66,1,3,2,23,2,10,1,9
tests,com.entornos,Tienda,0,180,0,13,0,31,0,9,0,2
tests,com.entornos,Main,14,130,1,1,4,29,2,2,1,2
tests,com.entornos,ProductoFisico,0,70,0,0,0,21,0,10,0,10
tests,com.entornos,ProductoDigital,5,78,1,3,1,25,1,12,0,10
